This file contains any messages produced by compilers while
running configure, to aid debugging if configure makes a mistake.

It was created by configure, which was
generated by GNU Autoconf 2.69.  Invocation command line was

  $ ./configure 

## --------- ##
## Platform. ##
## --------- ##

hostname = linux-u0zt.site
uname -m = x86_64
uname -r = 3.11.10-7-desktop
uname -s = Linux
uname -v = #1 SMP PREEMPT Mon Feb 3 09:41:24 UTC 2014 (750023e)

/usr/bin/uname -p = x86_64
/bin/uname -X     = unknown

/bin/arch              = x86_64
/usr/bin/arch -k       = unknown
/usr/convex/getsysinfo = unknown
/usr/bin/hostinfo      = unknown
/bin/machine           = unknown
/usr/bin/oslevel       = unknown
/bin/universe          = unknown

PATH: /usr/lib64/mpi/gcc/openmpi/bin
PATH: /sbin
PATH: /usr/sbin
PATH: /usr/local/sbin
PATH: /root/bin
PATH: /usr/local/bin
PATH: /usr/bin
PATH: /bin
PATH: /usr/bin/X11
PATH: /usr/X11R6/bin
PATH: /usr/games


## ----------- ##
## Core tests. ##
## ----------- ##

configure:2061: loading site script /usr/share/site/x86_64-unknown-linux-gnu
| #!/bin/sh
| # Site script for configure. It is resourced via $CONFIG_SITE environment varaible.
| 
| # If user did not specify libdir, guess the correct target:
| # Use lib64 for 64 bit bi-arch targets, keep the default for the rest.
| if test "$libdir" = '${exec_prefix}/lib' ; then
| 
| 	ac_config_site_64bit_host=NONE
| 
| 	case "$host" in
| 	"" )
| 		# User did not specify host target.
| 		# The native platform x86_64 is a bi-arch platform.
| 		# Try to detect cross-compilation to inferior architecture.
| 
| 		# We are trying to guess 32-bit target compilation. It's not as easy as
| 		# it sounds, as there is possible several intermediate combinations.
| 		ac_config_site_cross_to_32bit_host=NONE
| 
| 		# User defined -m32 in CFLAGS or CXXFLAGS:
| 		# (It's sufficient for 32-bit, but alone may cause mis-behavior of some checks.)
| 		case "$CFLAGS" in
| 		*-m32*)
| 			ac_config_site_cross_to_32bit_host=YES
| 			;;
| 		esac
| 		case "$CXXFLAGS" in
| 		*-m32*)
| 			ac_config_site_cross_to_32bit_host=YES
| 			;;
| 		esac
| 
| 		# Running with linux32:
| 		# (Changes detected platform, but not the toolchain target.)
| 		case "`/bin/uname -i`" in
| 		x86_64 | ppc64 | s390x )
| 			;;
| 		* )
| 			ac_config_site_cross_to_32bit_host=YES
| 			;;
| 		esac
| 
| 		if test "x$ac_config_site_cross_to_32bit_host" = xNONE; then
| 			ac_config_site_64bit_host=YES
| 		fi
| 
| 		;;
| 	*x86_64* | *ppc64* | *s390x* )
| 		ac_config_site_64bit_host=YES
| 		;;
| 	esac
| 
| 	if test "x$ac_config_site_64bit_host" = xYES; then
| 		libdir='${exec_prefix}/lib64'
| 	fi
| fi
| 
| # If user did not specify libexecdir, set the correct target:
| # Nor FHS nor openSUSE allow prefix/libexec. Let's default to prefix/lib.
| 
| if test "$libexecdir" = '${exec_prefix}/libexec' ; then
| 	libexecdir='${exec_prefix}/lib'
| fi
| 
| # Continue with the standard behavior of configure defined in AC_SITE_LOAD:
| if test "x$prefix" != xNONE; then
| 	ac_site_file1=$prefix/share/config.site
| 	ac_site_file2=$prefix/etc/config.site
| else
| 	ac_site_file1=$ac_default_prefix/share/config.site
| 	ac_site_file2=$ac_default_prefix/etc/config.site
| fi
| for ac_site_file in "$ac_site_file1" "$ac_site_file2"
| do
| 	test "x$ac_site_file" = xNONE && continue
| 	if test /dev/null != "$ac_site_file" && test -r "$ac_site_file"; then
| 		{ $as_echo "/usr/share/site/x86_64-unknown-linux-gnu:${as_lineno-$LINENO}: loading site script $ac_site_file" >&5
| $as_echo "/usr/share/site/x86_64-unknown-linux-gnu: loading site script $ac_site_file" >&6;}
| 		sed 's/^/| /' "$ac_site_file" >&5
| 		. "$ac_site_file" \
| 			|| { { $as_echo "/usr/share/site/x86_64-unknown-linux-gnu:${as_lineno-$LINENO}: error: in \`$ac_pwd':" >&5
| $as_echo "/usr/share/site/x86_64-unknown-linux-gnu: error: in \`$ac_pwd':" >&2;}
| as_fn_error $? "failed to load site script $ac_site_file
| See \`config.log' for more details" "$LINENO" 5; }
| 	fi
| done
configure:2209: checking for gcc
configure:2225: found /usr/bin/gcc
configure:2236: result: gcc
configure:2465: checking for C compiler version
configure:2474: gcc --version >&5
gcc (SUSE Linux) 4.8.1 20130909 [gcc-4_8-branch revision 202388]
Copyright (C) 2013 Free Software Foundation, Inc.
This is free software; see the source for copying conditions.  There is NO
warranty; not even for MERCHANTABILITY or FITNESS FOR A PARTICULAR PURPOSE.

configure:2485: $? = 0
configure:2474: gcc -v >&5
Using built-in specs.
COLLECT_GCC=gcc
COLLECT_LTO_WRAPPER=/usr/lib64/gcc/x86_64-suse-linux/4.8/lto-wrapper
Target: x86_64-suse-linux
Configured with: ../configure --prefix=/usr --infodir=/usr/share/info --mandir=/usr/share/man --libdir=/usr/lib64 --libexecdir=/usr/lib64 --enable-languages=c,c++,objc,fortran,obj-c++,java,ada --enable-checking=release --with-gxx-include-dir=/usr/include/c++/4.8 --enable-ssp --disable-libssp --disable-plugin --with-bugurl=http://bugs.opensuse.org/ --with-pkgversion='SUSE Linux' --disable-libgcj --disable-libmudflap --with-slibdir=/lib64 --with-system-zlib --enable-__cxa_atexit --enable-libstdcxx-allocator=new --disable-libstdcxx-pch --enable-version-specific-runtime-libs --enable-linker-build-id --program-suffix=-4.8 --enable-linux-futex --without-system-libunwind --with-arch-32=i586 --with-tune=generic --build=x86_64-suse-linux
Thread model: posix
gcc version 4.8.1 20130909 [gcc-4_8-branch revision 202388] (SUSE Linux) 
configure:2485: $? = 0
configure:2474: gcc -V >&5
gcc: error: unrecognized command line option '-V'
gcc: fatal error: no input files
compilation terminated.
configure:2485: $? = 1
configure:2474: gcc -qversion >&5
gcc: error: unrecognized command line option '-qversion'
gcc: fatal error: no input files
compilation terminated.
configure:2485: $? = 1
configure:2505: checking whether the C compiler works
configure:2527: gcc    conftest.c  >&5
configure:2531: $? = 0
configure:2579: result: yes
configure:2582: checking for C compiler default output file name
configure:2584: result: a.out
configure:2590: checking for suffix of executables
configure:2597: gcc -o conftest    conftest.c  >&5
configure:2601: $? = 0
configure:2623: result: 
configure:2645: checking whether we are cross compiling
configure:2653: gcc -o conftest    conftest.c  >&5
configure:2657: $? = 0
configure:2664: ./conftest
configure:2668: $? = 0
configure:2683: result: no
configure:2688: checking for suffix of object files
configure:2710: gcc -c   conftest.c >&5
configure:2714: $? = 0
configure:2735: result: o
configure:2739: checking whether we are using the GNU C compiler
configure:2758: gcc -c   conftest.c >&5
configure:2758: $? = 0
configure:2767: result: yes
configure:2776: checking whether gcc accepts -g
configure:2796: gcc -c -g  conftest.c >&5
configure:2796: $? = 0
configure:2837: result: yes
configure:2854: checking for gcc option to accept ISO C89
configure:2917: gcc  -c -g -O2  conftest.c >&5
configure:2917: $? = 0
configure:2930: result: none needed
configure:2993: checking for a BSD-compatible install
configure:3061: result: /usr/bin/install -c
configure:3115: checking for strip
configure:3131: found /usr/bin/strip
configure:3142: result: strip
configure:3193: checking how to run the C preprocessor
configure:3224: gcc -E  conftest.c
configure:3224: $? = 0
configure:3238: gcc -E  conftest.c
conftest.c:9:28: fatal error: ac_nonexistent.h: No such file or directory
 #include <ac_nonexistent.h>
                            ^
compilation terminated.
configure:3238: $? = 1
configure: failed program was:
| /* confdefs.h */
| #define PACKAGE_NAME ""
| #define PACKAGE_TARNAME ""
| #define PACKAGE_VERSION ""
| #define PACKAGE_STRING ""
| #define PACKAGE_BUGREPORT ""
| #define PACKAGE_URL ""
| /* end confdefs.h.  */
| #include <ac_nonexistent.h>
configure:3263: result: gcc -E
configure:3283: gcc -E  conftest.c
configure:3283: $? = 0
configure:3297: gcc -E  conftest.c
conftest.c:9:28: fatal error: ac_nonexistent.h: No such file or directory
 #include <ac_nonexistent.h>
                            ^
compilation terminated.
configure:3297: $? = 1
configure: failed program was:
| /* confdefs.h */
| #define PACKAGE_NAME ""
| #define PACKAGE_TARNAME ""
| #define PACKAGE_VERSION ""
| #define PACKAGE_STRING ""
| #define PACKAGE_BUGREPORT ""
| #define PACKAGE_URL ""
| /* end confdefs.h.  */
| #include <ac_nonexistent.h>
configure:3326: checking for grep that handles long lines and -e
configure:3384: result: /usr/bin/grep
configure:3389: checking for egrep
configure:3451: result: /usr/bin/grep -E
configure:3456: checking for ANSI C header files
configure:3476: gcc -c -g -O2  conftest.c >&5
configure:3476: $? = 0
configure:3549: gcc -o conftest -g -O2   conftest.c  >&5
configure:3549: $? = 0
configure:3549: ./conftest
configure:3549: $? = 0
configure:3560: result: yes
configure:3568: checking for sys/wait.h that is POSIX.1 compatible
configure:3594: gcc -c -g -O2  conftest.c >&5
configure:3594: $? = 0
configure:3601: result: yes
configure:3614: checking for sys/types.h
configure:3614: gcc -c -g -O2  conftest.c >&5
configure:3614: $? = 0
configure:3614: result: yes
configure:3614: checking for sys/stat.h
configure:3614: gcc -c -g -O2  conftest.c >&5
configure:3614: $? = 0
configure:3614: result: yes
configure:3614: checking for stdlib.h
configure:3614: gcc -c -g -O2  conftest.c >&5
configure:3614: $? = 0
configure:3614: result: yes
configure:3614: checking for string.h
configure:3614: gcc -c -g -O2  conftest.c >&5
configure:3614: $? = 0
configure:3614: result: yes
configure:3614: checking for memory.h
configure:3614: gcc -c -g -O2  conftest.c >&5
configure:3614: $? = 0
configure:3614: result: yes
configure:3614: checking for strings.h
configure:3614: gcc -c -g -O2  conftest.c >&5
configure:3614: $? = 0
configure:3614: result: yes
configure:3614: checking for inttypes.h
configure:3614: gcc -c -g -O2  conftest.c >&5
configure:3614: $? = 0
configure:3614: result: yes
configure:3614: checking for stdint.h
configure:3614: gcc -c -g -O2  conftest.c >&5
configure:3614: $? = 0
configure:3614: result: yes
configure:3614: checking for unistd.h
configure:3614: gcc -c -g -O2  conftest.c >&5
configure:3614: $? = 0
configure:3614: result: yes
configure:3629: checking fcntl.h usability
configure:3629: gcc -c -g -O2  conftest.c >&5
configure:3629: $? = 0
configure:3629: result: yes
configure:3629: checking fcntl.h presence
configure:3629: gcc -E  conftest.c
configure:3629: $? = 0
configure:3629: result: yes
configure:3629: checking for fcntl.h
configure:3629: result: yes
configure:3629: checking syslog.h usability
configure:3629: gcc -c -g -O2  conftest.c >&5
configure:3629: $? = 0
configure:3629: result: yes
configure:3629: checking syslog.h presence
configure:3629: gcc -E  conftest.c
configure:3629: $? = 0
configure:3629: result: yes
configure:3629: checking for syslog.h
configure:3629: result: yes
configure:3629: checking for unistd.h
configure:3629: result: yes
configure:3629: checking sys/ioctl.h usability
configure:3629: gcc -c -g -O2  conftest.c >&5
configure:3629: $? = 0
configure:3629: result: yes
configure:3629: checking sys/ioctl.h presence
configure:3629: gcc -E  conftest.c
configure:3629: $? = 0
configure:3629: result: yes
configure:3629: checking for sys/ioctl.h
configure:3629: result: yes
configure:3629: checking sys/time.h usability
configure:3629: gcc -c -g -O2  conftest.c >&5
configure:3629: $? = 0
configure:3629: result: yes
configure:3629: checking sys/time.h presence
configure:3629: gcc -E  conftest.c
configure:3629: $? = 0
configure:3629: result: yes
configure:3629: checking for sys/time.h
configure:3629: result: yes
configure:3640: checking for nl_socket_alloc in -lnl-3
configure:3665: gcc -o conftest -g -O2   conftest.c -lnl-3   >&5
/usr/lib64/gcc/x86_64-suse-linux/4.8/../../../../x86_64-suse-linux/bin/ld: cannot find -lnl-3
collect2: error: ld returned 1 exit status
configure:3665: $? = 1
configure: failed program was:
| /* confdefs.h */
| #define PACKAGE_NAME ""
| #define PACKAGE_TARNAME ""
| #define PACKAGE_VERSION ""
| #define PACKAGE_STRING ""
| #define PACKAGE_BUGREPORT ""
| #define PACKAGE_URL ""
| #define STDC_HEADERS 1
| #define HAVE_SYS_WAIT_H 1
| #define HAVE_SYS_TYPES_H 1
| #define HAVE_SYS_STAT_H 1
| #define HAVE_STDLIB_H 1
| #define HAVE_STRING_H 1
| #define HAVE_MEMORY_H 1
| #define HAVE_STRINGS_H 1
| #define HAVE_INTTYPES_H 1
| #define HAVE_STDINT_H 1
| #define HAVE_UNISTD_H 1
| #define HAVE_FCNTL_H 1
| #define HAVE_SYSLOG_H 1
| #define HAVE_UNISTD_H 1
| #define HAVE_SYS_IOCTL_H 1
| #define HAVE_SYS_TIME_H 1
| /* end confdefs.h.  */
| 
| /* Override any GCC internal prototype to avoid an error.
|    Use char because int might match the return type of a GCC
|    builtin and then its argument prototype would still apply.  */
| #ifdef __cplusplus
| extern "C"
| #endif
| char nl_socket_alloc ();
| int
| main ()
| {
| return nl_socket_alloc ();
|   ;
|   return 0;
| }
configure:3674: result: no
configure:3729: checking for nl_socket_modify_cb in -lnl
configure:3754: gcc -o conftest -g -O2   conftest.c -lnl   >&5
/usr/lib64/gcc/x86_64-suse-linux/4.8/../../../../x86_64-suse-linux/bin/ld: cannot find -lnl
collect2: error: ld returned 1 exit status
configure:3754: $? = 1
configure: failed program was:
| /* confdefs.h */
| #define PACKAGE_NAME ""
| #define PACKAGE_TARNAME ""
| #define PACKAGE_VERSION ""
| #define PACKAGE_STRING ""
| #define PACKAGE_BUGREPORT ""
| #define PACKAGE_URL ""
| #define STDC_HEADERS 1
| #define HAVE_SYS_WAIT_H 1
| #define HAVE_SYS_TYPES_H 1
| #define HAVE_SYS_STAT_H 1
| #define HAVE_STDLIB_H 1
| #define HAVE_STRING_H 1
| #define HAVE_MEMORY_H 1
| #define HAVE_STRINGS_H 1
| #define HAVE_INTTYPES_H 1
| #define HAVE_STDINT_H 1
| #define HAVE_UNISTD_H 1
| #define HAVE_FCNTL_H 1
| #define HAVE_SYSLOG_H 1
| #define HAVE_UNISTD_H 1
| #define HAVE_SYS_IOCTL_H 1
| #define HAVE_SYS_TIME_H 1
| /* end confdefs.h.  */
| 
| /* Override any GCC internal prototype to avoid an error.
|    Use char because int might match the return type of a GCC
|    builtin and then its argument prototype would still apply.  */
| #ifdef __cplusplus
| extern "C"
| #endif
| char nl_socket_modify_cb ();
| int
| main ()
| {
| return nl_socket_modify_cb ();
|   ;
|   return 0;
| }
configure:3763: result: no
configure:3774: WARNING: transcontroller will be built without libnl support.
configure:3791: checking net/ip_vs.h usability
configure:3791: gcc -c -g -O2  conftest.c >&5
conftest.c:58:23: fatal error: net/ip_vs.h: No such file or directory
 #include <net/ip_vs.h>
                       ^
compilation terminated.
configure:3791: $? = 1
configure: failed program was:
| /* confdefs.h */
| #define PACKAGE_NAME ""
| #define PACKAGE_TARNAME ""
| #define PACKAGE_VERSION ""
| #define PACKAGE_STRING ""
| #define PACKAGE_BUGREPORT ""
| #define PACKAGE_URL ""
| #define STDC_HEADERS 1
| #define HAVE_SYS_WAIT_H 1
| #define HAVE_SYS_TYPES_H 1
| #define HAVE_SYS_STAT_H 1
| #define HAVE_STDLIB_H 1
| #define HAVE_STRING_H 1
| #define HAVE_MEMORY_H 1
| #define HAVE_STRINGS_H 1
| #define HAVE_INTTYPES_H 1
| #define HAVE_STDINT_H 1
| #define HAVE_UNISTD_H 1
| #define HAVE_FCNTL_H 1
| #define HAVE_SYSLOG_H 1
| #define HAVE_UNISTD_H 1
| #define HAVE_SYS_IOCTL_H 1
| #define HAVE_SYS_TIME_H 1
| /* end confdefs.h.  */
| #include <stdio.h>
| #ifdef HAVE_SYS_TYPES_H
| # include <sys/types.h>
| #endif
| #ifdef HAVE_SYS_STAT_H
| # include <sys/stat.h>
| #endif
| #ifdef STDC_HEADERS
| # include <stdlib.h>
| # include <stddef.h>
| #else
| # ifdef HAVE_STDLIB_H
| #  include <stdlib.h>
| # endif
| #endif
| #ifdef HAVE_STRING_H
| # if !defined STDC_HEADERS && defined HAVE_MEMORY_H
| #  include <memory.h>
| # endif
| # include <string.h>
| #endif
| #ifdef HAVE_STRINGS_H
| # include <strings.h>
| #endif
| #ifdef HAVE_INTTYPES_H
| # include <inttypes.h>
| #endif
| #ifdef HAVE_STDINT_H
| # include <stdint.h>
| #endif
| #ifdef HAVE_UNISTD_H
| # include <unistd.h>
| #endif
| #include <net/ip_vs.h>
configure:3791: result: no
configure:3791: checking net/ip_vs.h presence
configure:3791: gcc -E  conftest.c
conftest.c:25:23: fatal error: net/ip_vs.h: No such file or directory
 #include <net/ip_vs.h>
                       ^
compilation terminated.
configure:3791: $? = 1
configure: failed program was:
| /* confdefs.h */
| #define PACKAGE_NAME ""
| #define PACKAGE_TARNAME ""
| #define PACKAGE_VERSION ""
| #define PACKAGE_STRING ""
| #define PACKAGE_BUGREPORT ""
| #define PACKAGE_URL ""
| #define STDC_HEADERS 1
| #define HAVE_SYS_WAIT_H 1
| #define HAVE_SYS_TYPES_H 1
| #define HAVE_SYS_STAT_H 1
| #define HAVE_STDLIB_H 1
| #define HAVE_STRING_H 1
| #define HAVE_MEMORY_H 1
| #define HAVE_STRINGS_H 1
| #define HAVE_INTTYPES_H 1
| #define HAVE_STDINT_H 1
| #define HAVE_UNISTD_H 1
| #define HAVE_FCNTL_H 1
| #define HAVE_SYSLOG_H 1
| #define HAVE_UNISTD_H 1
| #define HAVE_SYS_IOCTL_H 1
| #define HAVE_SYS_TIME_H 1
| /* end confdefs.h.  */
| #include <net/ip_vs.h>
configure:3791: result: no
configure:3791: checking for net/ip_vs.h
configure:3791: result: no
configure:3797: WARNING: transcontroller will be built without LVS support.
configure:3851: checking for an ANSI C-conforming const
configure:3917: gcc -c -g -O2  conftest.c >&5
configure:3917: $? = 0
configure:3924: result: yes
configure:3932: checking for pid_t
configure:3932: gcc -c -g -O2  conftest.c >&5
configure:3932: $? = 0
configure:3932: gcc -c -g -O2  conftest.c >&5
conftest.c: In function 'main':
conftest.c:61:20: error: expected expression before ')' token
 if (sizeof ((pid_t)))
                    ^
configure:3932: $? = 1
configure: failed program was:
| /* confdefs.h */
| #define PACKAGE_NAME ""
| #define PACKAGE_TARNAME ""
| #define PACKAGE_VERSION ""
| #define PACKAGE_STRING ""
| #define PACKAGE_BUGREPORT ""
| #define PACKAGE_URL ""
| #define STDC_HEADERS 1
| #define HAVE_SYS_WAIT_H 1
| #define HAVE_SYS_TYPES_H 1
| #define HAVE_SYS_STAT_H 1
| #define HAVE_STDLIB_H 1
| #define HAVE_STRING_H 1
| #define HAVE_MEMORY_H 1
| #define HAVE_STRINGS_H 1
| #define HAVE_INTTYPES_H 1
| #define HAVE_STDINT_H 1
| #define HAVE_UNISTD_H 1
| #define HAVE_FCNTL_H 1
| #define HAVE_SYSLOG_H 1
| #define HAVE_UNISTD_H 1
| #define HAVE_SYS_IOCTL_H 1
| #define HAVE_SYS_TIME_H 1
| /* end confdefs.h.  */
| #include <stdio.h>
| #ifdef HAVE_SYS_TYPES_H
| # include <sys/types.h>
| #endif
| #ifdef HAVE_SYS_STAT_H
| # include <sys/stat.h>
| #endif
| #ifdef STDC_HEADERS
| # include <stdlib.h>
| # include <stddef.h>
| #else
| # ifdef HAVE_STDLIB_H
| #  include <stdlib.h>
| # endif
| #endif
| #ifdef HAVE_STRING_H
| # if !defined STDC_HEADERS && defined HAVE_MEMORY_H
| #  include <memory.h>
| # endif
| # include <string.h>
| #endif
| #ifdef HAVE_STRINGS_H
| # include <strings.h>
| #endif
| #ifdef HAVE_INTTYPES_H
| # include <inttypes.h>
| #endif
| #ifdef HAVE_STDINT_H
| # include <stdint.h>
| #endif
| #ifdef HAVE_UNISTD_H
| # include <unistd.h>
| #endif
| int
| main ()
| {
| if (sizeof ((pid_t)))
| 	    return 0;
|   ;
|   return 0;
| }
configure:3932: result: yes
configure:3943: checking whether time.h and sys/time.h may both be included
configure:3963: gcc -c -g -O2  conftest.c >&5
configure:3963: $? = 0
configure:3970: result: yes
configure:3980: checking whether gcc needs -traditional
configure:4014: result: no
configure:4021: checking for working memcmp
configure:4064: gcc -o conftest -g -O2   conftest.c  >&5
configure:4064: $? = 0
configure:4064: ./conftest
configure:4064: $? = 0
configure:4074: result: yes
configure:4083: checking return type of signal handlers
configure:4101: gcc -c -g -O2  conftest.c >&5
conftest.c: In function 'main':
conftest.c:32:1: error: void value not ignored as it ought to be
 return *(signal (0, 0)) (0) == 1;
 ^
configure:4101: $? = 1
configure: failed program was:
| /* confdefs.h */
| #define PACKAGE_NAME ""
| #define PACKAGE_TARNAME ""
| #define PACKAGE_VERSION ""
| #define PACKAGE_STRING ""
| #define PACKAGE_BUGREPORT ""
| #define PACKAGE_URL ""
| #define STDC_HEADERS 1
| #define HAVE_SYS_WAIT_H 1
| #define HAVE_SYS_TYPES_H 1
| #define HAVE_SYS_STAT_H 1
| #define HAVE_STDLIB_H 1
| #define HAVE_STRING_H 1
| #define HAVE_MEMORY_H 1
| #define HAVE_STRINGS_H 1
| #define HAVE_INTTYPES_H 1
| #define HAVE_STDINT_H 1
| #define HAVE_UNISTD_H 1
| #define HAVE_FCNTL_H 1
| #define HAVE_SYSLOG_H 1
| #define HAVE_UNISTD_H 1
| #define HAVE_SYS_IOCTL_H 1
| #define HAVE_SYS_TIME_H 1
| #define TIME_WITH_SYS_TIME 1
| /* end confdefs.h.  */
| #include <sys/types.h>
| #include <signal.h>
| 
| int
| main ()
| {
| return *(signal (0, 0)) (0) == 1;
|   ;
|   return 0;
| }
configure:4108: result: void
configure:4119: checking for gettimeofday
configure:4119: gcc -o conftest -g -O2   conftest.c  >&5
configure:4119: $? = 0
configure:4119: result: yes
configure:4119: checking for select
configure:4119: gcc -o conftest -g -O2   conftest.c  >&5
configure:4119: $? = 0
configure:4119: result: yes
configure:4119: checking for socket
configure:4119: gcc -o conftest -g -O2   conftest.c  >&5
configure:4119: $? = 0
configure:4119: result: yes
configure:4119: checking for strerror
configure:4119: gcc -o conftest -g -O2   conftest.c  >&5
configure:4119: $? = 0
configure:4119: result: yes
configure:4119: checking for strtol
configure:4119: gcc -o conftest -g -O2   conftest.c  >&5
configure:4119: $? = 0
configure:4119: result: yes
configure:4119: checking for uname
configure:4119: gcc -o conftest -g -O2   conftest.c  >&5
configure:4119: $? = 0
configure:4119: result: yes
configure:4282: creating ./config.status

## ---------------------- ##
## Running config.status. ##
## ---------------------- ##

This file was extended by config.status, which was
generated by GNU Autoconf 2.69.  Invocation command line was

  CONFIG_FILES    = 
  CONFIG_HEADERS  = 
  CONFIG_LINKS    = 
  CONFIG_COMMANDS = 
  $ ./config.status 

on linux-u0zt.site

config.status:736: creating Makefile
config.status:736: creating transcontroller/core/Makefile
config.status:736: creating transcontroller/Makefile
config.status:736: creating lib/Makefile
config.status:736: creating lib/config.h

## ---------------- ##
## Cache variables. ##
## ---------------- ##

ac_cv_c_compiler_gnu=yes
ac_cv_c_const=yes
ac_cv_env_CC_set=
ac_cv_env_CC_value=
ac_cv_env_CFLAGS_set=
ac_cv_env_CFLAGS_value=
ac_cv_env_CPPFLAGS_set=
ac_cv_env_CPPFLAGS_value=
ac_cv_env_CPP_set=
ac_cv_env_CPP_value=
ac_cv_env_LDFLAGS_set=
ac_cv_env_LDFLAGS_value=
ac_cv_env_LIBS_set=
ac_cv_env_LIBS_value=
ac_cv_env_build_alias_set=
ac_cv_env_build_alias_value=
ac_cv_env_host_alias_set=
ac_cv_env_host_alias_value=
ac_cv_env_target_alias_set=
ac_cv_env_target_alias_value=
ac_cv_func_gettimeofday=yes
ac_cv_func_memcmp_working=yes
ac_cv_func_select=yes
ac_cv_func_socket=yes
ac_cv_func_strerror=yes
ac_cv_func_strtol=yes
ac_cv_func_uname=yes
ac_cv_header_fcntl_h=yes
ac_cv_header_inttypes_h=yes
ac_cv_header_memory_h=yes
ac_cv_header_net_ip_vs_h=no
ac_cv_header_stdc=yes
ac_cv_header_stdint_h=yes
ac_cv_header_stdlib_h=yes
ac_cv_header_string_h=yes
ac_cv_header_strings_h=yes
ac_cv_header_sys_ioctl_h=yes
ac_cv_header_sys_stat_h=yes
ac_cv_header_sys_time_h=yes
ac_cv_header_sys_types_h=yes
ac_cv_header_sys_wait_h=yes
ac_cv_header_syslog_h=yes
ac_cv_header_time=yes
ac_cv_header_unistd_h=yes
ac_cv_lib_nl_3_nl_socket_alloc=no
ac_cv_lib_nl_nl_socket_modify_cb=no
ac_cv_objext=o
ac_cv_path_EGREP='/usr/bin/grep -E'
ac_cv_path_GREP=/usr/bin/grep
ac_cv_path_install='/usr/bin/install -c'
ac_cv_prog_CPP='gcc -E'
ac_cv_prog_ac_ct_CC=gcc
ac_cv_prog_ac_ct_STRIP=strip
ac_cv_prog_cc_c89=
ac_cv_prog_cc_g=yes
ac_cv_prog_gcc_traditional=no
ac_cv_type_pid_t=yes
ac_cv_type_signal=void

## ----------------- ##
## Output variables. ##
## ----------------- ##

CC='gcc'
CFLAGS='-g -O2'
CPP='gcc -E'
CPPFLAGS=''
DEFS='-DPACKAGE_NAME=\"\" -DPACKAGE_TARNAME=\"\" -DPACKAGE_VERSION=\"\" -DPACKAGE_STRING=\"\" -DPACKAGE_BUGREPORT=\"\" -DPACKAGE_URL=\"\" -DSTDC_HEADERS=1 -DHAVE_SYS_WAIT_H=1 -DHAVE_SYS_TYPES_H=1 -DHAVE_SYS_STAT_H=1 -DHAVE_STDLIB_H=1 -DHAVE_STRING_H=1 -DHAVE_MEMORY_H=1 -DHAVE_STRINGS_H=1 -DHAVE_INTTYPES_H=1 -DHAVE_STDINT_H=1 -DHAVE_UNISTD_H=1 -DHAVE_FCNTL_H=1 -DHAVE_SYSLOG_H=1 -DHAVE_UNISTD_H=1 -DHAVE_SYS_IOCTL_H=1 -DHAVE_SYS_TIME_H=1 -DTIME_WITH_SYS_TIME=1 -DRETSIGTYPE=void -DHAVE_GETTIMEOFDAY=1 -DHAVE_SELECT=1 -DHAVE_SOCKET=1 -DHAVE_STRERROR=1 -DHAVE_STRTOL=1 -DHAVE_UNAME=1'
DFLAGS=''
ECHO_C=''
ECHO_N='-n'
ECHO_T=''
EGREP='/usr/bin/grep -E'
EXEEXT=''
GREP='/usr/bin/grep'
INSTALL_DATA='${INSTALL} -m 644'
INSTALL_PROGRAM='${INSTALL}'
INSTALL_SCRIPT='${INSTALL}'
IPVS_SUPPORT='_WITHOUT_LVS_'
IPVS_SYNCD='_WITHOUT_IPVS_SYNCD_'
LDFLAGS=''
LIBOBJS=''
LIBS=''
LTLIBOBJS=''
OBJEXT='o'
PACKAGE_BUGREPORT=''
PACKAGE_NAME=''
PACKAGE_STRING=''
PACKAGE_TARNAME=''
PACKAGE_URL=''
PACKAGE_VERSION=''
PATH_SEPARATOR=':'
SHELL='/bin/sh'
STRIP='strip'
USE_NL='LIBIPVS_DONTUSE_NL'
VERSION=''
VERSION_DATE='05/01,2014'
VRRP_SUPPORT=''
ac_ct_CC='gcc'
bindir='${exec_prefix}/bin'
build_alias=''
datadir='${datarootdir}'
datarootdir='${prefix}/share'
docdir='${datarootdir}/doc/${PACKAGE}'
dvidir='${docdir}'
exec_prefix='${prefix}'
host_alias=''
htmldir='${docdir}'
includedir='${prefix}/include'
infodir='${datarootdir}/info'
libdir='${exec_prefix}/lib64'
libexecdir='${exec_prefix}/lib'
localedir='${datarootdir}/locale'
localstatedir='${prefix}/var'
mandir='${datarootdir}/man'
oldincludedir='/usr/include'
pdfdir='${docdir}'
prefix='/usr/local'
program_transform_name='s,x,x,'
psdir='${docdir}'
sbindir='${exec_prefix}/sbin'
sharedstatedir='${prefix}/com'
sysconfdir='${prefix}/etc'
target_alias=''

## ----------- ##
## confdefs.h. ##
## ----------- ##

/* confdefs.h */
#define PACKAGE_NAME ""
#define PACKAGE_TARNAME ""
#define PACKAGE_VERSION ""
#define PACKAGE_STRING ""
#define PACKAGE_BUGREPORT ""
#define PACKAGE_URL ""
#define STDC_HEADERS 1
#define HAVE_SYS_WAIT_H 1
#define HAVE_SYS_TYPES_H 1
#define HAVE_SYS_STAT_H 1
#define HAVE_STDLIB_H 1
#define HAVE_STRING_H 1
#define HAVE_MEMORY_H 1
#define HAVE_STRINGS_H 1
#define HAVE_INTTYPES_H 1
#define HAVE_STDINT_H 1
#define HAVE_UNISTD_H 1
#define HAVE_FCNTL_H 1
#define HAVE_SYSLOG_H 1
#define HAVE_UNISTD_H 1
#define HAVE_SYS_IOCTL_H 1
#define HAVE_SYS_TIME_H 1
#define TIME_WITH_SYS_TIME 1
#define RETSIGTYPE void
#define HAVE_GETTIMEOFDAY 1
#define HAVE_SELECT 1
#define HAVE_SOCKET 1
#define HAVE_STRERROR 1
#define HAVE_STRTOL 1
#define HAVE_UNAME 1

configure: exit 0
